\BOOKMARK [1][-]{section*.1}{\376\377\000E\000x\000e\000c\000u\000t\000i\000v\000e\000\040\000S\000u\000m\000m\000a\000r\000y}{}% 1
\BOOKMARK [2][-]{subsection*.2}{\376\377\000W\000F\000A\000\040\000C\000r\000o\000s\000s\000-\000M\000e\000d\000i\000a\000\040\000M\000e\000a\000s\000u\000r\000e\000m\000e\000n\000t\000\040\000W\000o\000r\000k\000i\000n\000g\000\040\000G\000r\000o\000u\000p}{section*.1}% 2
\BOOKMARK [2][-]{subsection*.3}{\376\377\000A\000d\000v\000e\000r\000t\000i\000s\000e\000r\000\040\000N\000e\000e\000d\000s\000\040\000\046\000\040\000I\000n\000d\000u\000s\000t\000r\000y\000\040\000R\000e\000q\000u\000i\000r\000e\000m\000e\000n\000t\000s}{section*.1}% 3
\BOOKMARK [3][-]{subsubsection*.4}{\376\377\000A\000d\000v\000e\000r\000t\000i\000s\000e\000r\000\040\000N\000e\000e\000d\000s}{subsection*.3}% 4
\BOOKMARK [3][-]{subsubsection*.5}{\376\377\000A\000d\000v\000e\000r\000t\000i\000s\000e\000r\000\040\000S\000u\000p\000p\000o\000r\000t\000e\000d\000\040\000I\000n\000d\000u\000s\000t\000r\000y\000\040\000R\000e\000q\000u\000i\000r\000e\000m\000e\000n\000t\000s}{subsection*.3}% 5
\BOOKMARK [2][-]{subsection*.6}{\376\377\000G\000l\000o\000b\000a\000l\000\040\000v\000s\000.\000\040\000L\000o\000c\000a\000l\000\040\000M\000a\000r\000k\000e\000t\000\040\000C\000o\000n\000s\000i\000d\000e\000r\000a\000t\000i\000o\000n\000s}{section*.1}% 6
\BOOKMARK [2][-]{subsection*.7}{\376\377\000S\000y\000s\000t\000e\000m\000\040\000I\000n\000p\000u\000t\000s\000\040\000a\000n\000d\000\040\000O\000u\000t\000p\000u\000t\000s}{section*.1}% 7
\BOOKMARK [2][-]{subsection*.8}{\376\377\000I\000n\000t\000e\000r\000n\000a\000t\000i\000o\000n\000a\000l\000\040\000P\000e\000e\000r\000\040\000R\000e\000v\000i\000e\000w\000\040\000\046\000\040\000O\000p\000e\000n\000\040\000Q\000u\000e\000s\000t\000i\000o\000n\000s}{section*.1}% 8
\BOOKMARK [1][-]{section*.9}{\376\377\000D\000e\000t\000a\000i\000l\000e\000d\000\040\000T\000e\000c\000h\000n\000i\000c\000a\000l\000\040\000B\000l\000u\000e\000p\000r\000i\000n\000t}{}% 9
\BOOKMARK [2][-]{subsection*.10}{\376\377\000M\000o\000t\000i\000v\000a\000t\000i\000o\000n}{section*.9}% 10
\BOOKMARK [2][-]{subsection*.11}{\376\377\000P\000r\000i\000n\000c\000i\000p\000l\000e\000s\000\040\000a\000n\000d\000\040\000R\000e\000q\000u\000i\000r\000e\000m\000e\000n\000t\000s}{section*.9}% 11
\BOOKMARK [3][-]{subsubsection*.12}{\376\377\000P\000r\000i\000v\000a\000c\000y\000\040\000P\000r\000i\000n\000c\000i\000p\000l\000e\000s\000\040\000i\000n\000\040\000D\000e\000p\000t\000h}{subsection*.11}% 12
\BOOKMARK [2][-]{subsection*.16}{\376\377\000O\000p\000e\000n\000\040\000s\000o\000u\000r\000c\000e\000\040\000p\000r\000i\000n\000c\000i\000p\000l\000e}{section*.9}% 13
\BOOKMARK [2][-]{subsection*.17}{\376\377\000D\000e\000s\000i\000g\000n\000\040\000O\000v\000e\000r\000v\000i\000e\000w}{section*.9}% 14
\BOOKMARK [3][-]{subsubsection*.18}{\376\377\0001\000.\000\040\000P\000a\000n\000e\000l\000s\000\040\000a\000s\000\040\000s\000o\000u\000r\000c\000e\000\040\000o\000f\000\040\000t\000r\000u\000t\000h}{subsection*.17}% 15
\BOOKMARK [3][-]{subsubsection*.20}{\376\377\0002\000.\000\040\000C\000e\000n\000s\000u\000s\000\040\000D\000a\000t\000a\000\040\000\046\000\040\000I\000d\000e\000n\000t\000i\000t\000y}{subsection*.17}% 16
\BOOKMARK [3][-]{subsubsection*.26}{\376\377\0003\000.\000\040\000P\000r\000i\000v\000a\000t\000e\000\040\000R\000e\000a\000c\000h\000\040\000a\000n\000d\000\040\000F\000r\000e\000q\000u\000e\000n\000c\000y\000\040\000E\000s\000t\000i\000m\000a\000t\000i\000o\000n}{subsection*.17}% 17
\BOOKMARK [3][-]{subsubsection*.27}{\376\377\0004\000.\000\040\000S\000y\000s\000t\000e\000m\000\040\000O\000u\000t\000p\000u\000t\000s}{subsection*.17}% 18
\BOOKMARK [2][-]{subsection*.28}{\376\377\000K\000e\000y\000\040\000T\000e\000c\000h\000n\000i\000c\000a\000l\000\040\000R\000o\000l\000e\000s}{section*.9}% 19
\BOOKMARK [3][-]{subsubsection*.29}{\376\377\000U\000s\000e\000r\000\040\000I\000m\000p\000r\000e\000s\000s\000i\000o\000n\000\040\000D\000a\000t\000a\000\040\000P\000r\000o\000v\000i\000d\000e\000r\000s}{subsection*.28}% 20
\BOOKMARK [3][-]{subsubsection*.30}{\376\377\000P\000a\000n\000e\000l\000\040\000D\000a\000t\000a\000\040\000P\000r\000o\000v\000i\000d\000e\000r\000\050\000s\000\051}{subsection*.28}% 21
\BOOKMARK [3][-]{subsubsection*.31}{\376\377\000T\000V\000\040\000R\000P\000D\000\040\000P\000r\000o\000v\000i\000d\000e\000r\000s}{subsection*.28}% 22
\BOOKMARK [3][-]{subsubsection*.32}{\376\377\000P\000r\000i\000v\000a\000t\000e\000\040\000E\000s\000t\000i\000m\000a\000t\000i\000o\000n\000\040\000N\000o\000d\000e\000\040\000O\000p\000e\000r\000a\000t\000o\000r\000s}{subsection*.28}% 23
\BOOKMARK [3][-]{subsubsection*.33}{\376\377\000V\000I\000D\000\040\000M\000o\000d\000e\000l\000\040\000O\000p\000e\000r\000a\000t\000o\000r}{subsection*.28}% 24
\BOOKMARK [3][-]{subsubsection*.34}{\376\377\000M\000e\000a\000s\000u\000r\000e\000m\000e\000n\000t\000\040\000A\000P\000I\000\040\000S\000e\000r\000v\000i\000c\000e\000\040\000O\000p\000e\000r\000a\000t\000o\000r}{subsection*.28}% 25
\BOOKMARK [2][-]{subsection*.35}{\376\377\000D\000e\000s\000i\000g\000n\000\040\000D\000e\000t\000a\000i\000l\000s}{section*.9}% 26
\BOOKMARK [3][-]{subsubsection*.36}{\376\377\000S\000y\000s\000t\000e\000m\000\040\000O\000v\000e\000r\000v\000i\000e\000w\000\040\000a\000n\000d\000\040\000L\000i\000f\000e\000c\000y\000c\000l\000e}{subsection*.35}% 27
\BOOKMARK [3][-]{subsubsection*.37}{\376\377\000S\000e\000t\000-\000U\000p\000\040\000P\000h\000a\000s\000e}{subsection*.35}% 28
\BOOKMARK [3][-]{subsubsection*.41}{\376\377\000L\000i\000v\000e\000\040\000C\000a\000m\000p\000a\000i\000g\000n\000\040\000M\000e\000a\000s\000u\000r\000e\000m\000e\000n\000t\000\040\000P\000h\000a\000s\000e}{subsection*.35}% 29
\BOOKMARK [1][-]{section*.45}{\376\377\000G\000l\000o\000s\000s\000a\000r\000y}{}% 30
\BOOKMARK [1][-]{section*.46}{\376\377\000R\000e\000f\000e\000r\000e\000n\000c\000e\000s}{}% 31
